#
# There is insufficient memory for the Java Runtime Environment to continue.
# Native memory allocation (mmap) failed to map 268435456 bytes for G1 virtual space
# Possible reasons:
#   The system is out of physical RAM or swap space
#   The process is running with CompressedOops enabled, and the Java Heap may be blocking the growth of the native heap
# Possible solutions:
#   Reduce memory load on the system
#   Increase physical memory or swap space
#   Check if swap backing store is full
#   Decrease Java heap size (-Xmx/-Xms)
#   Decrease number of Java threads
#   Decrease Java thread stack sizes (-Xss)
#   Set larger code cache with -XX:ReservedCodeCacheSize=
#   JVM is running with Zero Based Compressed Oops mode in which the Java heap is
#     placed in the first 32GB address space. The Java Heap base address is the
#     maximum limit for the native heap growth. Please use -XX:HeapBaseMinAddress
#     to set the Java Heap base and to place the Java Heap above 32GB virtual address.
# This output file may be truncated or incomplete.
#
#  Out of Memory Error (os_windows.cpp:3548), pid=16396, tid=1152
#
# JRE version:  (17.0.12+8) (build )
# Java VM: Java HotSpot(TM) 64-Bit Server VM (17.0.12+8-LTS-286, mixed mode, emulated-client, sharing, tiered, compressed oops, compressed class ptrs, g1 gc, windows-amd64)
# No core dump will be written. Minidumps are not enabled by default on client versions of Windows
#

---------------  S U M M A R Y ------------

Command Line: -XX:TieredStopAtLevel=1 com.winenot.backend.WineNotApplication

Host: Intel(R) Core(TM) i7-4790K CPU @ 4.00GHz, 8 cores, 15G,  Windows 10 , 64 bit Build 19041 (10.0.19041.5915)
Time: Thu Jul  3 15:18:37 2025 Hora estándar de Argentina elapsed time: 0.024898 seconds (0d 0h 0m 0s)

---------------  T H R E A D  ---------------

Current thread (0x000002d12e4cae90):  JavaThread "Unknown thread" [_thread_in_vm, id=1152, stack(0x000000ea86a00000,0x000000ea86b00000)]

Stack: [0x000000ea86a00000,0x000000ea86b00000]
Native frames: (J=compiled Java code, j=interpreted, Vv=VM code, C=native code)
V  [jvm.dll+0x67a04a]
V  [jvm.dll+0x7da4ed]
V  [jvm.dll+0x7dbe33]
V  [jvm.dll+0x7dc4a3]
V  [jvm.dll+0x24508f]
V  [jvm.dll+0x677089]
V  [jvm.dll+0x66bd32]
V  [jvm.dll+0x301fa6]
V  [jvm.dll+0x309546]
V  [jvm.dll+0x359d2e]
V  [jvm.dll+0x359f5f]
V  [jvm.dll+0x2d9078]
V  [jvm.dll+0x2d9fe4]
V  [jvm.dll+0x7aca21]
V  [jvm.dll+0x367591]
V  [jvm.dll+0x78b999]
V  [jvm.dll+0x3ec83f]
V  [jvm.dll+0x3ee471]
C  [jli.dll+0x5297]
C  [ucrtbase.dll+0x21bb2]
C  [KERNEL32.DLL+0x17374]
C  [ntdll.dll+0x4cc91]


---------------  P R O C E S S  ---------------

Threads class SMR info:
_java_thread_list=0x00007ffa454e7a18, length=0, elements={
}

Java Threads: ( => current thread )

Other Threads:
  0x000002d12e53cda0 GCTaskThread "GC Thread#0" [stack: 0x000000ea86b00000,0x000000ea86c00000] [id=7648]
  0x000002d12e54ea50 ConcurrentGCThread "G1 Main Marker" [stack: 0x000000ea86c00000,0x000000ea86d00000] [id=16496]
  0x000002d12e54fb00 ConcurrentGCThread "G1 Conc#0" [stack: 0x000000ea86d00000,0x000000ea86e00000] [id=10752]

[error occurred during error reporting (printing all threads), id 0xc0000005, EXCEPTION_ACCESS_VIOLATION (0xc0000005) at pc=0x00007ffa44d19b67]

VM state: not at safepoint (not fully initialized)

VM Mutex/Monitor currently owned by a thread:  ([mutex/lock_event])
[0x000002d12e4c5950] Heap_lock - owner thread: 0x000002d12e4cae90

Heap address: 0x0000000701a00000, size: 4070 MB, Compressed Oops mode: Zero based, Oop shift amount: 3

CDS archive(s) mapped at: [0x0000000000000000-0x0000000000000000-0x0000000000000000), size 0, SharedBaseAddress: 0x0000000800000000, ArchiveRelocationMode: 1.
Narrow klass base: 0x0000000000000000, Narrow klass shift: 0, Narrow klass range: 0x0

GC Precious Log:
<Empty>

Heap:
 garbage-first heap   total 0K, used 0K [0x0000000701a00000, 0x0000000800000000)
  region size 2048K, 0 young (0K), 0 survivors (0K)

[error occurred during error reporting (printing heap information), id 0xc0000005, EXCEPTION_ACCESS_VIOLATION (0xc0000005) at pc=0x00007ffa45103859]

GC Heap History (0 events):
No events

Deoptimization events (0 events):
No events

Classes unloaded (0 events):
No events

Classes redefined (0 events):
No events

Internal exceptions (0 events):
No events

VM Operations (0 events):
No events

Events (1 events):
Event: 0.005 Loaded shared library C:\Program Files\Java\jdk-17\bin\java.dll


Dynamic libraries:
0x00007ff6af650000 - 0x00007ff6af660000 	C:\Program Files\Java\jdk-17\bin\java.exe
0x00007ffac56d0000 - 0x00007ffac58c8000 	C:\WINDOWS\SYSTEM32\ntdll.dll
0x00007ffac3c60000 - 0x00007ffac3d22000 	C:\WINDOWS\System32\KERNEL32.DLL
0x00007ffac3270000 - 0x00007ffac3566000 	C:\WINDOWS\System32\KERNELBASE.dll
0x00007ffac2d60000 - 0x00007ffac2e60000 	C:\WINDOWS\System32\ucrtbase.dll
0x00007ffabdbb0000 - 0x00007ffabdbcb000 	C:\Program Files\Java\jdk-17\bin\VCRUNTIME140.dll
0x00007ffaa9c80000 - 0x00007ffaa9c99000 	C:\Program Files\Java\jdk-17\bin\jli.dll
0x00007ffac3a50000 - 0x00007ffac3b01000 	C:\WINDOWS\System32\ADVAPI32.dll
0x00007ffac4870000 - 0x00007ffac490e000 	C:\WINDOWS\System32\msvcrt.dll
0x00007ffac39b0000 - 0x00007ffac3a4f000 	C:\WINDOWS\System32\sechost.dll
0x00007ffac3b30000 - 0x00007ffac3c53000 	C:\WINDOWS\System32\RPCRT4.dll
0x00007ffac3620000 - 0x00007ffac3647000 	C:\WINDOWS\System32\bcrypt.dll
0x00007ffac4910000 - 0x00007ffac4aad000 	C:\WINDOWS\System32\USER32.dll
0x00007ffaaf960000 - 0x00007ffaafbfa000 	C:\WINDOWS\WinSxS\amd64_microsoft.windows.common-controls_6595b64144ccf1df_6.0.19041.5915_none_60b4b9d171f9c7c7\COMCTL32.dll
0x00007ffac2e60000 - 0x00007ffac2e82000 	C:\WINDOWS\System32\win32u.dll
0x00007ffac5660000 - 0x00007ffac568b000 	C:\WINDOWS\System32\GDI32.dll
0x00007ffac2ee0000 - 0x00007ffac2ff8000 	C:\WINDOWS\System32\gdi32full.dll
0x00007ffac3650000 - 0x00007ffac36ed000 	C:\WINDOWS\System32\msvcp_win.dll
0x00007ffab9900000 - 0x00007ffab990a000 	C:\WINDOWS\SYSTEM32\VERSION.dll
0x00007ffac4b60000 - 0x00007ffac4b8f000 	C:\WINDOWS\System32\IMM32.DLL
0x00007ffabe640000 - 0x00007ffabe64c000 	C:\Program Files\Java\jdk-17\bin\vcruntime140_1.dll
0x00007ffaa0ad0000 - 0x00007ffaa0b5e000 	C:\Program Files\Java\jdk-17\bin\msvcp140.dll
0x00007ffa44a30000 - 0x00007ffa45610000 	C:\Program Files\Java\jdk-17\bin\server\jvm.dll
0x00007ffac37b0000 - 0x00007ffac37b8000 	C:\WINDOWS\System32\PSAPI.DLL
0x00007ffab7090000 - 0x00007ffab70b7000 	C:\WINDOWS\SYSTEM32\WINMM.dll
0x00007ffaae3f0000 - 0x00007ffaae3f9000 	C:\WINDOWS\SYSTEM32\WSOCK32.dll
0x00007ffac4800000 - 0x00007ffac486b000 	C:\WINDOWS\System32\WS2_32.dll
0x00007ffac0c00000 - 0x00007ffac0c12000 	C:\WINDOWS\SYSTEM32\kernel.appcore.dll
0x00007ffabe570000 - 0x00007ffabe57a000 	C:\Program Files\Java\jdk-17\bin\jimage.dll
0x00007ffababc0000 - 0x00007ffabadc1000 	C:\WINDOWS\SYSTEM32\DBGHELP.DLL
0x00007ffaad7d0000 - 0x00007ffaad804000 	C:\WINDOWS\SYSTEM32\dbgcore.DLL
0x00007ffac3000000 - 0x00007ffac3082000 	C:\WINDOWS\System32\bcryptPrimitives.dll
0x00007ffaa0d30000 - 0x00007ffaa0d55000 	C:\Program Files\Java\jdk-17\bin\java.dll

dbghelp: loaded successfully - version: 4.0.5 - missing functions: none
symbol engine: initialized successfully - sym options: 0x614 - pdb path: .;C:\Program Files\Java\jdk-17\bin;C:\WINDOWS\SYSTEM32;C:\WINDOWS\WinSxS\amd64_microsoft.windows.common-controls_6595b64144ccf1df_6.0.19041.5915_none_60b4b9d171f9c7c7;C:\Program Files\Java\jdk-17\bin\server

VM Arguments:
jvm_args: -XX:TieredStopAtLevel=1 
java_command: com.winenot.backend.WineNotApplication
java_class_path (initial): D:\Escritorio\Curso JAVA\backend\target\classes;C:\Users\Laucha\.m2\repository\ch\qos\logback\logback-classic\1.5.18\logback-classic-1.5.18.jar;C:\Users\Laucha\.m2\repository\ch\qos\logback\logback-core\1.5.18\logback-core-1.5.18.jar;C:\Users\Laucha\.m2\repository\org\apache\logging\log4j\log4j-to-slf4j\2.24.3\log4j-to-slf4j-2.24.3.jar;C:\Users\Laucha\.m2\repository\org\apache\logging\log4j\log4j-api\2.24.3\log4j-api-2.24.3.jar;C:\Users\Laucha\.m2\repository\org\slf4j\jul-to-slf4j\2.0.17\jul-to-slf4j-2.0.17.jar;C:\Users\Laucha\.m2\repository\jakarta\annotation\jakarta.annotation-api\2.1.1\jakarta.annotation-api-2.1.1.jar;C:\Users\Laucha\.m2\repository\org\yaml\snakeyaml\2.4\snakeyaml-2.4.jar;C:\Users\Laucha\.m2\repository\com\zaxxer\HikariCP\6.3.0\HikariCP-6.3.0.jar;C:\Users\Laucha\.m2\repository\org\springframework\spring-jdbc\6.2.8\spring-jdbc-6.2.8.jar;C:\Users\Laucha\.m2\repository\org\hibernate\orm\hibernate-core\6.6.18.Final\hibernate-core-6.6.18.Final.jar;C:\Users\Laucha\.m2\repository\jakarta\persistence\jakarta.persistence-api\3.1.0\jakarta.persistence-api-3.1.0.jar;C:\Users\Laucha\.m2\repository\jakarta\transaction\jakarta.transaction-api\2.0.1\jakarta.transaction-api-2.0.1.jar;C:\Users\Laucha\.m2\repository\org\jboss\logging\jboss-logging\3.6.1.Final\jboss-logging-3.6.1.Final.jar;C:\Users\Laucha\.m2\repository\org\hibernate\common\hibernate-commons-annotations\7.0.3.Final\hibernate-commons-annotations-7.0.3.Final.jar;C:\Users\Laucha\.m2\repository\io\smallrye\jandex\3.2.0\jandex-3.2.0.jar;C:\Users\Laucha\.m2\repository\com\fasterxml\classmate\1.7.0\classmate-1.7.0.jar;C:\Users\Laucha\.m2\repository\net\bytebuddy\byte-buddy\1.17.6\byte-buddy-1.17.6.jar;C:\Users\Laucha\.m2\repository\org\glassfish\jaxb\jaxb-runtime\4.0.5\jaxb-runtime-4.0.5.jar;C:\Users\Laucha\.m2\repository\org\glassfish\jaxb\jaxb-core\4.0.5\jaxb-core-4.0.5.jar;C:\Users\Laucha\.m2\repository\org\eclipse\angus\angus-activation\2.0.2\angus-activation-2.0.2.jar;C:\
Launcher Type: SUN_STANDARD

[Global flags]
     intx CICompilerCount                          = 4                                         {product} {ergonomic}
     uint ConcGCThreads                            = 2                                         {product} {ergonomic}
     uint G1ConcRefinementThreads                  = 8                                         {product} {ergonomic}
   size_t G1HeapRegionSize                         = 2097152                                   {product} {ergonomic}
    uintx GCDrainStackTargetSize                   = 64                                        {product} {ergonomic}
   size_t InitialHeapSize                          = 268435456                                 {product} {ergonomic}
   size_t MarkStackSize                            = 4194304                                   {product} {ergonomic}
   size_t MaxHeapSize                              = 4267704320                                {product} {ergonomic}
   size_t MinHeapDeltaBytes                        = 2097152                                   {product} {ergonomic}
   size_t MinHeapSize                              = 8388608                                   {product} {ergonomic}
    uintx NonProfiledCodeHeapSize                  = 0                                      {pd product} {ergonomic}
     bool ProfileInterpreter                       = false                                  {pd product} {command line}
    uintx ProfiledCodeHeapSize                     = 0                                      {pd product} {ergonomic}
   size_t SoftMaxHeapSize                          = 4267704320                             {manageable} {ergonomic}
     intx TieredStopAtLevel                        = 1                                         {product} {command line}
     bool UseCompressedClassPointers               = true                           {product lp64_product} {ergonomic}
     bool UseCompressedOops                        = true                           {product lp64_product} {ergonomic}
     bool UseG1GC                                  = true                                      {product} {ergonomic}
     bool UseLargePagesIndividualAllocation        = false                                  {pd product} {ergonomic}

Logging:
Log output configuration:
 #0: stdout all=warning uptime,level,tags
 #1: stderr all=off uptime,level,tags

Environment Variables:
JAVA_HOME=C:\Program Files\Java\jdk-17
PATH=C:\Program Files\Eclipse Adoptium\jdk-17.0.15.6-hotspot\bin;C:\Program Files\Common Files\Oracle\Java\javapath;C:\Program Files (x86)\Common Files\Oracle\Java\java8path;C:\Program Files (x86)\Common Files\Oracle\Java\javapath;C:\Program Files (x86)\Common Files\Intel\Shared Files\cpp\bin\Intel64;C:\Program Files (x86)\Razer Chroma SDK\bin;C:\Program Files\Razer Chroma SDK\bin;C:\Program Files (x86)\Razer\ChromaBroadcast\bin;C:\Program Files\Razer\ChromaBroadcast\bin;C:\WINDOWS\system32;C:\WINDOWS;C:\WINDOWS\System32\Wbem;C:\WINDOWS\System32\WindowsPowerShell\v1.0\;C:\WINDOWS\System32\OpenSSH\;C:\WINDOWS\system32\config\systemprofile\AppData\Local\Microsoft\WindowsApps;C:\Program Files\Git\cmd;C:\Program Files\Java\jdk-17\bin;C:\Users\Laucha\AppData\Local\Microsoft\WindowsApps;C:\Users\Laucha\AppData\Local\Programs\Microsoft VS Code\bin;
USERNAME=Laucha
LANG=es_ES.UTF-8
OS=Windows_NT
PROCESSOR_IDENTIFIER=Intel64 Family 6 Model 60 Stepping 3, GenuineIntel



---------------  S Y S T E M  ---------------

OS:
 Windows 10 , 64 bit Build 19041 (10.0.19041.5915)
OS uptime: 4 days 5:04 hours

CPU: total 8 (initial active 8) (4 cores per cpu, 2 threads per core) family 6 model 60 stepping 3 microcode 0x27, cx8, cmov, fxsr, ht, mmx, sse, sse2, sse3, ssse3, sse4.1, sse4.2, popcnt, lzcnt, tsc, tscinvbit, avx, avx2, aes, erms, clmul, bmi1, bmi2, fma, vzeroupper, clflush

Memory: 4k page, system-wide physical 16274M (4845M free)
TotalPageFile size 24200M (AvailPageFile size 52M)
current process WorkingSet (physical memory assigned to process): 10M, peak: 10M
current process commit charge ("private bytes"): 55M, peak: 311M

vm_info: Java HotSpot(TM) 64-Bit Server VM (17.0.12+8-LTS-286) for windows-amd64 JRE (17.0.12+8-LTS-286), built on Jun  5 2024 06:46:59 by "mach5one" with MS VC++ 17.6 (VS2022)

END.
